<?xml version="1.0" encoding="UTF-8"?>
<!-- Generated by org.testng.reporters.JUnitXMLReporter -->
<testsuite ignored="0" hostname="DESKTOP-PBAV14D" failures="0" tests="6" name="Test" time="0.113" errors="0" timestamp="2021-05-13T01:36:10 IST">
  <testcase classname="TestNG_B_Test.NewTest" name="Test10" time="0.015"/>
  <testcase classname="TestNG_B_Test.TestNG_2" name="test1" time="0.002"/>
  <testcase classname="TestNG_B_Test.TestNG_2" name="test4" time="0.002"/>
  <testcase classname="TestNG_B_Test.Test5" name="Test6" time="0.003"/>
  <testcase classname="TestNG_B_Test.Test5" name="Test7" time="0.003"/>
  <testcase classname="TestNG_B_Test.Test5" name="test8" time="0.004"/>
</testsuite> <!-- Test -->
