<?xml version="1.0" encoding="UTF-8"?>
<!-- Generated by org.testng.reporters.JUnitXMLReporter -->
<testsuite ignored="0" hostname="DESKTOP-PBAV14D" failures="0" tests="6" name="Test" time="0.261" errors="0" timestamp="2021-05-13T19:40:53 IST">
  <testcase classname="TestNG_B_Test.NewTest" name="Test10" time="0.039"/>
  <testcase classname="TestNG_B_Test.TestNG_2" name="test1" time="0.006"/>
  <testcase classname="TestNG_B_Test.TestNG_2" name="test4" time="0.006"/>
  <testcase classname="TestNG_B_Test.Test5" name="Test6" time="0.006"/>
  <testcase classname="TestNG_B_Test.Test5" name="Test7" time="0.005"/>
  <testcase classname="TestNG_B_Test.Test5" name="test8" time="0.012"/>
</testsuite> <!-- Test -->
