<?xml version="1.0" encoding="UTF-8"?>
<!-- Generated by org.testng.reporters.JUnitXMLReporter -->
<testsuite ignored="0" hostname="DESKTOP-PBAV14D" failures="0" tests="3" name="Default test" time="0.11" errors="0" timestamp="2021-05-13T01:27:00 IST">
  <testcase classname="TestNG_B_Test.Test5" name="Test6" time="0.01"/>
  <testcase classname="TestNG_B_Test.Test5" name="Test7" time="0.008"/>
  <testcase classname="TestNG_B_Test.Test5" name="test8" time="0.006"/>
</testsuite> <!-- Default test -->
