<?xml version="1.0" encoding="UTF-8"?>
<!-- Generated by org.testng.reporters.JUnitXMLReporter -->
<testsuite ignored="0" hostname="DESKTOP-PBAV14D" failures="0" tests="4" name="Default test" time="0.179" errors="0" timestamp="2021-05-13T00:36:06 IST">
  <testcase classname="TestNG_B_Test.TestNG_2" name="test1" time="0.022"/>
  <testcase classname="TestNG_B_Test.TestNG_2" name="test2" time="0.01"/>
  <testcase classname="TestNG_B_Test.TestNG_2" name="test3" time="0.005"/>
  <testcase classname="TestNG_B_Test.TestNG_2" name="test4" time="0.005"/>
</testsuite> <!-- Default test -->
