<?xml version="1.0" encoding="UTF-8"?>
<testng-results ignored="0" total="6" passed="6" failed="0" skipped="0">
  <reporter-output>
  </reporter-output>
  <suite started-at="2021-05-13T19:40:53 IST" name="Suite" finished-at="2021-05-13T19:40:53 IST" duration-ms="261">
    <groups>
    </groups>
    <test started-at="2021-05-13T19:40:53 IST" name="Test" finished-at="2021-05-13T19:40:53 IST" duration-ms="261">
      <class name="TestNG_B_Test.NewTest">
        <test-method signature="Test10()[pri:0, instance:TestNG_B_Test.NewTest@309e345f]" started-at="2021-05-13T19:40:53 IST" name="Test10" finished-at="2021-05-13T19:40:53 IST" duration-ms="39" status="PASS">
          <reporter-output>
          </reporter-output>
        </test-method> <!-- Test10 -->
      </class> <!-- TestNG_B_Test.NewTest -->
      <class name="TestNG_B_Test.TestNG_2">
        <test-method is-config="true" signature="test2()[pri:0, instance:TestNG_B_Test.TestNG_2@65466a6a]" started-at="2021-05-13T19:40:53 IST" name="test2" finished-at="2021-05-13T19:40:53 IST" duration-ms="1" status="PASS">
          <reporter-output>
          </reporter-output>
        </test-method> <!-- test2 -->
        <test-method signature="test1()[pri:0, instance:TestNG_B_Test.TestNG_2@65466a6a]" started-at="2021-05-13T19:40:53 IST" name="test1" finished-at="2021-05-13T19:40:53 IST" duration-ms="6" status="PASS">
          <reporter-output>
          </reporter-output>
        </test-method> <!-- test1 -->
        <test-method signature="test4()[pri:0, instance:TestNG_B_Test.TestNG_2@65466a6a]" started-at="2021-05-13T19:40:53 IST" name="test4" finished-at="2021-05-13T19:40:53 IST" duration-ms="6" status="PASS">
          <reporter-output>
          </reporter-output>
        </test-method> <!-- test4 -->
        <test-method is-config="true" signature="test3()[pri:0, instance:TestNG_B_Test.TestNG_2@65466a6a]" started-at="2021-05-13T19:40:53 IST" name="test3" finished-at="2021-05-13T19:40:53 IST" duration-ms="0" status="PASS">
          <reporter-output>
          </reporter-output>
        </test-method> <!-- test3 -->
      </class> <!-- TestNG_B_Test.TestNG_2 -->
      <class name="TestNG_B_Test.Test5">
        <test-method is-config="true" signature="Beforeest()[pri:0, instance:TestNG_B_Test.Test5@460d0a57]" started-at="2021-05-13T19:40:53 IST" name="Beforeest" finished-at="2021-05-13T19:40:53 IST" duration-ms="19" status="PASS">
          <reporter-output>
          </reporter-output>
        </test-method> <!-- Beforeest -->
        <test-method signature="Test6()[pri:0, instance:TestNG_B_Test.Test5@460d0a57]" started-at="2021-05-13T19:40:53 IST" name="Test6" finished-at="2021-05-13T19:40:53 IST" duration-ms="6" status="PASS">
          <reporter-output>
          </reporter-output>
        </test-method> <!-- Test6 -->
        <test-method signature="Test7()[pri:0, instance:TestNG_B_Test.Test5@460d0a57]" started-at="2021-05-13T19:40:53 IST" name="Test7" finished-at="2021-05-13T19:40:53 IST" duration-ms="5" status="PASS">
          <reporter-output>
          </reporter-output>
        </test-method> <!-- Test7 -->
        <test-method signature="test8()[pri:0, instance:TestNG_B_Test.Test5@460d0a57]" started-at="2021-05-13T19:40:53 IST" name="test8" finished-at="2021-05-13T19:40:53 IST" duration-ms="12" status="PASS">
          <reporter-output>
          </reporter-output>
        </test-method> <!-- test8 -->
        <test-method is-config="true" signature="afterclass()[pri:0, instance:TestNG_B_Test.Test5@460d0a57]" started-at="2021-05-13T19:40:53 IST" name="afterclass" finished-at="2021-05-13T19:40:53 IST" duration-ms="1" status="PASS">
          <reporter-output>
          </reporter-output>
        </test-method> <!-- afterclass -->
        <test-method is-config="true" signature="aftertest()[pri:0, instance:TestNG_B_Test.Test5@460d0a57]" started-at="2021-05-13T19:40:53 IST" name="aftertest" finished-at="2021-05-13T19:40:53 IST" duration-ms="3" status="PASS">
          <reporter-output>
          </reporter-output>
        </test-method> <!-- aftertest -->
        <test-method is-config="true" signature="aftersuite()[pri:0, instance:TestNG_B_Test.Test5@460d0a57]" started-at="2021-05-13T19:40:54 IST" name="aftersuite" finished-at="2021-05-13T19:40:54 IST" duration-ms="0" status="PASS">
          <reporter-output>
          </reporter-output>
        </test-method> <!-- aftersuite -->
      </class> <!-- TestNG_B_Test.Test5 -->
    </test> <!-- Test -->
  </suite> <!-- Suite -->
</testng-results>
