<?xml version="1.0" encoding="UTF-8"?>
<testng-results ignored="0" total="4" passed="4" failed="0" skipped="0">
  <reporter-output>
  </reporter-output>
  <suite started-at="2021-05-13T00:36:06 IST" name="Default suite" finished-at="2021-05-13T00:36:06 IST" duration-ms="179">
    <groups>
    </groups>
    <test started-at="2021-05-13T00:36:06 IST" name="Default test" finished-at="2021-05-13T00:36:06 IST" duration-ms="179">
      <class name="TestNG_B_Test.TestNG_2">
        <test-method signature="test1()[pri:0, instance:TestNG_B_Test.TestNG_2@d706f19]" started-at="2021-05-13T00:36:06 IST" name="test1" finished-at="2021-05-13T00:36:06 IST" duration-ms="22" status="PASS">
          <reporter-output>
          </reporter-output>
        </test-method> <!-- test1 -->
        <test-method signature="test2()[pri:0, instance:TestNG_B_Test.TestNG_2@d706f19]" started-at="2021-05-13T00:36:06 IST" name="test2" finished-at="2021-05-13T00:36:06 IST" duration-ms="10" status="PASS">
          <reporter-output>
          </reporter-output>
        </test-method> <!-- test2 -->
        <test-method signature="test3()[pri:0, instance:TestNG_B_Test.TestNG_2@d706f19]" started-at="2021-05-13T00:36:06 IST" name="test3" finished-at="2021-05-13T00:36:06 IST" duration-ms="5" status="PASS">
          <reporter-output>
          </reporter-output>
        </test-method> <!-- test3 -->
        <test-method signature="test4()[pri:0, instance:TestNG_B_Test.TestNG_2@d706f19]" started-at="2021-05-13T00:36:06 IST" name="test4" finished-at="2021-05-13T00:36:06 IST" duration-ms="5" status="PASS">
          <reporter-output>
          </reporter-output>
        </test-method> <!-- test4 -->
      </class> <!-- TestNG_B_Test.TestNG_2 -->
    </test> <!-- Default test -->
  </suite> <!-- Default suite -->
</testng-results>
